<?xml version="1.0" encoding="UTF-8"?>
<!-- Generated by org.testng.reporters.JUnitXMLReporter -->
<testsuite hostname="DESKTOP-4V6HO8F" ignored="4" name="Default test" tests="1" failures="0" timestamp="2021-01-25T19:42:09 IST" time="5.552" errors="0">
  <testcase name="ResourceCreationwithValidData" time="5.473" classname="api.PostRequestValidation"/>
  <testcase name="VerifyResourceCreationResponse" time="0.0" classname="api.PostRequestValidation">
    <ignored/>
  </testcase> <!-- VerifyResourceCreationResponse -->
  <testcase name="ResourceCreationWithNullData" time="0.0" classname="api.PostRequestValidation">
    <ignored/>
  </testcase> <!-- ResourceCreationWithNullData -->
  <testcase name="ResourceCreationWithNoBody" time="0.0" classname="api.PostRequestValidation">
    <ignored/>
  </testcase> <!-- ResourceCreationWithNoBody -->
  <testcase name="ResourceCreationwithInvalidData" time="0.0" classname="api.PostRequestValidation">
    <ignored/>
  </testcase> <!-- ResourceCreationwithInvalidData -->
</testsuite> <!-- Default test -->
