<?xml version="1.0" encoding="UTF-8"?>
<!-- Generated by org.testng.reporters.JUnitXMLReporter -->
<testsuite hostname="DESKTOP-4V6HO8F" ignored="0" name="getRequest" tests="5" failures="0" timestamp="2021-01-25T19:43:09 IST" time="7.809" errors="0">
  <testcase name="verifyingGetResponseWithInCorrectURL" time="3.704" classname="api.GetTesting"/>
  <testcase name="verifyingGetResponseWithValidURL" time="0.499" classname="api.GetTesting"/>
  <testcase name="verifyingStatusCode" time="1.599" classname="api.GetTesting"/>
  <testcase name="verifyingWithIncompleteURL" time="0.578" classname="api.GetTesting"/>
  <testcase name="verifyingWithIncorrectURL_DefaultResponse" time="0.631" classname="api.GetTesting"/>
</testsuite> <!-- getRequest -->
