<?xml version="1.0" encoding="UTF-8"?>
<!-- Generated by org.testng.reporters.JUnitXMLReporter -->
<testsuite hostname="DESKTOP-4V6HO8F" ignored="0" name="postRequest" tests="5" failures="0" timestamp="2021-01-25T19:43:16 IST" time="7.133" errors="0">
  <testcase name="ResourceCreationWithNoBody" time="0.798" classname="api.PostRequestValidation"/>
  <testcase name="ResourceCreationWithNullData" time="2.984" classname="api.PostRequestValidation"/>
  <testcase name="ResourceCreationwithInvalidData" time="2.165" classname="api.PostRequestValidation"/>
  <testcase name="ResourceCreationwithValidData" time="0.61" classname="api.PostRequestValidation"/>
  <testcase name="VerifyResourceCreationResponse" time="0.554" classname="api.PostRequestValidation"/>
</testsuite> <!-- postRequest -->
